<?xml version="1.0" encoding="UTF-8"?>
<!-- Generated by org.testng.reporters.JUnitReportReporter -->
<testsuite hostname="IE1FLT6Y3G5Y2" failures="0" tests="1" name="testcases.Purchaseorder" time="66.799" errors="0" timestamp="2022-08-29T22:40:37 IST" skipped="0">
  <testcase classname="testcases.Purchaseorder" name="purhcasemedicines" time="66.799"/>
  <system-out/>
</testsuite> <!-- testcases.Purchaseorder -->
