<?xml version="1.0" encoding="UTF-8"?>
<!-- Generated by org.testng.reporters.JUnitReportReporter -->
<testsuite hostname="IE1FLT6Y3G5Y2" failures="0" tests="1" name="testcases.LoginTest" time="41.612" errors="0" timestamp="2022-08-29T22:44:59 IST" skipped="0">
  <testcase classname="testcases.LoginTest" name="LoginSuccesstest" time="41.612"/>
  <system-out/>
</testsuite> <!-- testcases.LoginTest -->
